Replace Part C? 04023A220KAT2A in D:\01.Working\Elektronik\Electronic-PCB-Altium-Project\PCB_Project\FlightBoard\CPU.SchDoc with 04023A220KAT2A from Capacitors - Ceramic - 0402.IntLib
Replace Part C? 04023A220KAT2A in D:\01.Working\Elektronik\Electronic-PCB-Altium-Project\PCB_Project\FlightBoard\CPU.SchDoc with 04023A220KAT2A from Capacitors - Ceramic - 0402.IntLib
Replace Part C? 04023A220KAT2A in D:\01.Working\Elektronik\Electronic-PCB-Altium-Project\PCB_Project\FlightBoard\CPU.SchDoc with 04023A220KAT2A from Capacitors - Ceramic - 0402.IntLib
Replace Part C? 04023A220KAT2A in D:\01.Working\Elektronik\Electronic-PCB-Altium-Project\PCB_Project\FlightBoard\CPU.SchDoc with 04023A220KAT2A from Capacitors - Ceramic - 0402.IntLib
Replace Part C? 06033C104JAT2A in D:\01.Working\Elektronik\Electronic-PCB-Altium-Project\PCB_Project\FlightBoard\CPU.SchDoc with 06033C104JAT2A from Capacitors - Ceramic - 0603.IntLib
Replace Part C? 06033C104JAT2A in D:\01.Working\Elektronik\Electronic-PCB-Altium-Project\PCB_Project\FlightBoard\CPU.SchDoc with 06033C104JAT2A from Capacitors - Ceramic - 0603.IntLib
Replace Part C? 06033C104JAT2A in D:\01.Working\Elektronik\Electronic-PCB-Altium-Project\PCB_Project\FlightBoard\CPU.SchDoc with 06033C104JAT2A from Capacitors - Ceramic - 0603.IntLib
Replace Part C? 06033C104JAT2A in D:\01.Working\Elektronik\Electronic-PCB-Altium-Project\PCB_Project\FlightBoard\CPU.SchDoc with 06033C104JAT2A from Capacitors - Ceramic - 0603.IntLib
Replace Part C? CL10A106MA8NRNC in D:\01.Working\Elektronik\Electronic-PCB-Altium-Project\PCB_Project\FlightBoard\CPU.SchDoc with CL10A106MA8NRNC from Capacitors - Ceramic - 0603.IntLib
Replace Part C? C1608JB1E225K080AB in D:\01.Working\Elektronik\Electronic-PCB-Altium-Project\PCB_Project\FlightBoard\CPU.SchDoc with C1608JB1E225K080AB from Capacitors - Ceramic - 0603.IntLib
Replace Part C? C1608JB1E225K080AB in D:\01.Working\Elektronik\Electronic-PCB-Altium-Project\PCB_Project\FlightBoard\CPU.SchDoc with C1608JB1E225K080AB from Capacitors - Ceramic - 0603.IntLib
Replace Part C? 06033C104JAT2A in D:\01.Working\Elektronik\Electronic-PCB-Altium-Project\PCB_Project\FlightBoard\CPU.SchDoc with 06033C104JAT2A from Capacitors - Ceramic - 0603.IntLib
Replace Part C? 06033C104JAT2A in D:\01.Working\Elektronik\Electronic-PCB-Altium-Project\PCB_Project\FlightBoard\CPU.SchDoc with 06033C104JAT2A from Capacitors - Ceramic - 0603.IntLib
Replace Part C? CL10B104KB8NNNC in D:\01.Working\Elektronik\Electronic-PCB-Altium-Project\PCB_Project\FlightBoard\CPU.SchDoc with CL10B104KB8NNNC from Capacitor - Ceramic - Sumsung.IntLib
Replace Part CPU? STM32F405RGT6 in D:\01.Working\Elektronik\Electronic-PCB-Altium-Project\PCB_Project\FlightBoard\CPU.SchDoc with STM32F405RGT6 from Own_Library.IntLib
Replace Part FB? 1624117-5 in D:\01.Working\Elektronik\Electronic-PCB-Altium-Project\PCB_Project\FlightBoard\CPU.SchDoc with 1624117-5 from Ferrite Chip.IntLib
Replace Part R? 0603S8J0103 in D:\01.Working\Elektronik\Electronic-PCB-Altium-Project\PCB_Project\FlightBoard\CPU.SchDoc with 0603S8J0103 from Resistor - Chip - Uniohm.IntLib
Replace Part R? 0603S8J0103 in D:\01.Working\Elektronik\Electronic-PCB-Altium-Project\PCB_Project\FlightBoard\CPU.SchDoc with 0603S8J0103 from Resistor - Chip - Uniohm.IntLib
Replace Part S? FSM4JSMATR in D:\01.Working\Elektronik\Electronic-PCB-Altium-Project\PCB_Project\FlightBoard\CPU.SchDoc with FSM4JSMATR from Button - Tactile.IntLib
Replace Part Y? ABS25-32.768KHZ-T in D:\01.Working\Elektronik\Electronic-PCB-Altium-Project\PCB_Project\FlightBoard\CPU.SchDoc with ABS25-32.768KHZ-T from Oscillator - Crystal.IntLib
Replace Part Y? ECS-120-20-3X-TR in D:\01.Working\Elektronik\Electronic-PCB-Altium-Project\PCB_Project\FlightBoard\CPU.SchDoc with ECS-120-20-3X-TR from Oscillator - Crystal.IntLib
