Replace Part C? CL10B104KA8NNNC in D:\01.Working\Elektronik\Electronic-PCB-Altium-Project\PCB_Project\REF\REF_CPU_STM32_B1.SchDoc with CL10B104KA8NNNC from Capacitor - Ceramic - Sumsung.IntLib
Replace Part C? CL10B104KA8NNNC in D:\01.Working\Elektronik\Electronic-PCB-Altium-Project\PCB_Project\REF\REF_CPU_STM32_B1.SchDoc with CL10B104KA8NNNC from Capacitor - Ceramic - Sumsung.IntLib
Replace Part C? CL10B104KA8NNNC in D:\01.Working\Elektronik\Electronic-PCB-Altium-Project\PCB_Project\REF\REF_CPU_STM32_B1.SchDoc with CL10B104KA8NNNC from Capacitor - Ceramic - Sumsung.IntLib
Replace Part C? CL10B104KA8NNNC in D:\01.Working\Elektronik\Electronic-PCB-Altium-Project\PCB_Project\REF\REF_CPU_STM32_B1.SchDoc with CL10B104KA8NNNC from Capacitor - Ceramic - Sumsung.IntLib
Replace Part C? CL10B104KA8NNNC in D:\01.Working\Elektronik\Electronic-PCB-Altium-Project\PCB_Project\REF\REF_CPU_STM32_B1.SchDoc with CL10B104KA8NNNC from Capacitor - Ceramic - Sumsung.IntLib
Replace Part C? CL10B104KA8NNNC in D:\01.Working\Elektronik\Electronic-PCB-Altium-Project\PCB_Project\REF\REF_CPU_STM32_B1.SchDoc with CL10B104KA8NNNC from Capacitor - Ceramic - Sumsung.IntLib
Replace Part C? CL10B104KA8NNNC in D:\01.Working\Elektronik\Electronic-PCB-Altium-Project\PCB_Project\REF\REF_CPU_STM32_B1.SchDoc with CL10B104KA8NNNC from Capacitor - Ceramic - Sumsung.IntLib
Replace Part C? CL10B104KA8NNNC in D:\01.Working\Elektronik\Electronic-PCB-Altium-Project\PCB_Project\REF\REF_CPU_STM32_B1.SchDoc with CL10B104KA8NNNC from Capacitor - Ceramic - Sumsung.IntLib
Replace Part C? CL10B104KA8NNNC in D:\01.Working\Elektronik\Electronic-PCB-Altium-Project\PCB_Project\REF\REF_CPU_STM32_B1.SchDoc with CL10B104KA8NNNC from Capacitor - Ceramic - Sumsung.IntLib
Replace Part C? CL10B104KA8NNNC in D:\01.Working\Elektronik\Electronic-PCB-Altium-Project\PCB_Project\REF\REF_CPU_STM32_B1.SchDoc with CL10B104KA8NNNC from Capacitor - Ceramic - Sumsung.IntLib
Replace Part C? CL10B104KA8NNNC in D:\01.Working\Elektronik\Electronic-PCB-Altium-Project\PCB_Project\REF\REF_CPU_STM32_B1.SchDoc with CL10B104KA8NNNC from Capacitor - Ceramic - Sumsung.IntLib
Replace Part C? CL10B104KA8NNNC in D:\01.Working\Elektronik\Electronic-PCB-Altium-Project\PCB_Project\REF\REF_CPU_STM32_B1.SchDoc with CL10B104KA8NNNC from Capacitor - Ceramic - Sumsung.IntLib
Replace Part C? CL10B104KA8NNNC in D:\01.Working\Elektronik\Electronic-PCB-Altium-Project\PCB_Project\REF\REF_CPU_STM32_B1.SchDoc with CL10B104KA8NNNC from Capacitor - Ceramic - Sumsung.IntLib
Replace Part C? CL10B104KA8NNNC in D:\01.Working\Elektronik\Electronic-PCB-Altium-Project\PCB_Project\REF\REF_CPU_STM32_B1.SchDoc with CL10B104KA8NNNC from Capacitor - Ceramic - Sumsung.IntLib
Replace Part C? CL10B104KA8NNNC in D:\01.Working\Elektronik\Electronic-PCB-Altium-Project\PCB_Project\REF\REF_CPU_STM32_B1.SchDoc with CL10B104KA8NNNC from Capacitor - Ceramic - Sumsung.IntLib
Replace Part C? CL10B104KA8NNNC in D:\01.Working\Elektronik\Electronic-PCB-Altium-Project\PCB_Project\REF\REF_CPU_STM32_B1.SchDoc with CL10B104KA8NNNC from Capacitor - Ceramic - Sumsung.IntLib
Replace Part C? CL10B104KA8NNNC in D:\01.Working\Elektronik\Electronic-PCB-Altium-Project\PCB_Project\REF\REF_CPU_STM32_B1.SchDoc with CL10B104KA8NNNC from Capacitor - Ceramic - Sumsung.IntLib
Replace Part C? CL10B104KA8NNNC in D:\01.Working\Elektronik\Electronic-PCB-Altium-Project\PCB_Project\REF\REF_CPU_STM32_B1.SchDoc with CL10B104KA8NNNC from Capacitor - Ceramic - Sumsung.IntLib
Replace Part C? CL10B104KA8NNNC in D:\01.Working\Elektronik\Electronic-PCB-Altium-Project\PCB_Project\REF\REF_CPU_STM32_B1.SchDoc with CL10B104KA8NNNC from Capacitor - Ceramic - Sumsung.IntLib
Replace Part C? CL10B104KA8NNNC in D:\01.Working\Elektronik\Electronic-PCB-Altium-Project\PCB_Project\REF\REF_CPU_STM32_B1.SchDoc with CL10B104KA8NNNC from Capacitor - Ceramic - Sumsung.IntLib
Replace Part C? CL10B225KP8NNNC in D:\01.Working\Elektronik\Electronic-PCB-Altium-Project\PCB_Project\REF\REF_CPU_STM32_B1.SchDoc with CL10B225KP8NNNC from Capacitor - Ceramic - Sumsung.IntLib
Replace Part C? CL10B225KP8NNNC in D:\01.Working\Elektronik\Electronic-PCB-Altium-Project\PCB_Project\REF\REF_CPU_STM32_B1.SchDoc with CL10B225KP8NNNC from Capacitor - Ceramic - Sumsung.IntLib
Replace Part C? CL10B225KP8NNNC in D:\01.Working\Elektronik\Electronic-PCB-Altium-Project\PCB_Project\REF\REF_CPU_STM32_B1.SchDoc with CL10B225KP8NNNC from Capacitor - Ceramic - Sumsung.IntLib
Replace Part C? CL10B104KA8NNNC in D:\01.Working\Elektronik\Electronic-PCB-Altium-Project\PCB_Project\REF\REF_CPU_STM32_B1.SchDoc with CL10B104KA8NNNC from Capacitor - Ceramic - Sumsung.IntLib
Replace Part C? 08053D106MAT4A in D:\01.Working\Elektronik\Electronic-PCB-Altium-Project\PCB_Project\REF\REF_CPU_STM32_B1.SchDoc with 08053D106MAT4A from Capacitors - Ceramic - 0805.IntLib
Replace Part C? CL10B225KP8NNNC in D:\01.Working\Elektronik\Electronic-PCB-Altium-Project\PCB_Project\REF\REF_CPU_STM32_B1.SchDoc with CL10B225KP8NNNC from Capacitor - Ceramic - Sumsung.IntLib
Replace Part C? CL10B225KP8NNNC in D:\01.Working\Elektronik\Electronic-PCB-Altium-Project\PCB_Project\REF\REF_CPU_STM32_B1.SchDoc with CL10B225KP8NNNC from Capacitor - Ceramic - Sumsung.IntLib
Replace Part C? CL10B225KP8NNNC in D:\01.Working\Elektronik\Electronic-PCB-Altium-Project\PCB_Project\REF\REF_CPU_STM32_B1.SchDoc with CL10B225KP8NNNC from Capacitor - Ceramic - Sumsung.IntLib
Replace Part IC? STM32H747XIH6 in D:\01.Working\Elektronik\Electronic-PCB-Altium-Project\PCB_Project\REF\REF_CPU_STM32_B1.SchDoc with STM32H747XIH6 from Own_Library.IntLib
Replace Part L? 744316220 in D:\01.Working\Elektronik\Electronic-PCB-Altium-Project\PCB_Project\REF\REF_CPU_STM32_B1.SchDoc with 744316220 from Inductor - Power.IntLib
Replace Part L? 744311220 in D:\01.Working\Elektronik\Electronic-PCB-Altium-Project\PCB_Project\REF\REF_CPU_STM32_B1.SchDoc with 744311220 from Inductor - Power.IntLib
Replace Part R? 0603S8J0104 in D:\01.Working\Elektronik\Electronic-PCB-Altium-Project\PCB_Project\REF\REF_CPU_STM32_B1.SchDoc with 0603S8J0104 from Resistor - Chip - Uniohm.IntLib
Replace Part R? 0603S8J0104 in D:\01.Working\Elektronik\Electronic-PCB-Altium-Project\PCB_Project\REF\REF_CPU_STM32_B1.SchDoc with 0603S8J0104 from Resistor - Chip - Uniohm.IntLib
