Removed Pin From Net: NetName=5V Pin=D3-1
Removed Pin From Net: NetName=5V Pin=D4-1
Removed Pin From Net: NetName=5V Pin=L1-2
Removed Pin From Net: NetName=5V Pin=R5-2
Change Component Designator: OldDesignator=D3 NewDesignator=D4
Change Component Designator: OldDesignator=D4 NewDesignator=D5
Change Component Designator: OldDesignator=IC2 NewDesignator=IC3
Change Component Designator: OldDesignator=J1 NewDesignator=J2
Change Component Designator: OldDesignator=J2 NewDesignator=J1
Change Component Designator: OldDesignator=R5 NewDesignator=R6
Change Component Designator: OldDesignator=R6 NewDesignator=R7
Change Component Designator: OldDesignator=R7 NewDesignator=R8
Change Component Designator: OldDesignator=R8 NewDesignator=R9
Added Component: Designator=D3(DO214AC SMA)
Add component (AddParameter): Name = "ComponentLink1Description"; Value = "Datasheet"; VariantName = "[No Variations]"
Add component (AddParameter): Name = "ComponentLink1URL"; Value = "http://www.diodes.com/_files/datasheets/ds30891.pdf"; VariantName = "[No Variations]"
Add component (AddParameter): Name = "ComponentLink2Description"; Value = "Digi-Key Listing"; VariantName = "[No Variations]"
Add component (AddParameter): Name = "ComponentLink2URL"; Value = "https://www.digikey.com/product-detail/en/diodes-incorporated/B320A-13-F/B320A-FDITR-ND/717692"; VariantName = "[No Variations]"
Add component (AddParameter): Name = "Current Rectified"; Value = "3A"; VariantName = "[No Variations]"
Add component (AddParameter): Name = "Current Reverse Leakage @ Vr"; Value = "500uA @ 20V"; VariantName = "[No Variations]"
Add component (AddParameter): Name = "Device Package"; Value = "DO-214AC, SMA"; VariantName = "[No Variations]"
Add component (AddParameter): Name = "Junction Operating Temperature"; Value = "-55C ~ 150C"; VariantName = "[No Variations]"
Add component (AddParameter): Name = "Manufacturer"; Value = "Diodes Incorporated"; VariantName = "[No Variations]"
Add component (AddParameter): Name = "Part Number"; Value = "B320A-13-F"; VariantName = "[No Variations]"
Add component (AddParameter): Name = "PartId"; Value = "16342"; VariantName = "[No Variations]"
Add component (AddParameter): Name = "Price"; Value = "0.1348"; VariantName = "[No Variations]"
Add component (AddParameter): Name = "Supplier 1"; Value = "Digi-Key"; VariantName = "[No Variations]"
Add component (AddParameter): Name = "Supplier Part Number 1"; Value = "B320A-FDITR-ND"; VariantName = "[No Variations]"
Add component (AddParameter): Name = "Type"; Value = "Schottky"; VariantName = "[No Variations]"
Add component (AddParameter): Name = "Voltage DC Reverse (Vr)"; Value = "20V"; VariantName = "[No Variations]"
Add component (AddParameter): Name = "Voltage Forward (Vf)"; Value = "500mV @ 3A"; VariantName = "[No Variations]"
Added Component: Designator=IC2(NXP SOT-23-3 TO-236AB)
Add component (AddParameter): Name = "ComponentLink1Description"; Value = "Datasheet"; VariantName = "[No Variations]"
Add component (AddParameter): Name = "ComponentLink1URL"; Value = "http://www.nxp.com/documents/data_sheet/NX2301P.pdf"; VariantName = "[No Variations]"
Add component (AddParameter): Name = "ComponentLink2Description"; Value = "Digi-Key Listing"; VariantName = "[No Variations]"
Add component (AddParameter): Name = "ComponentLink2URL"; Value = "http://www.digikey.com/product-detail/en/NX2301P,215/568-10314-2-ND/2779960"; VariantName = "[No Variations]"
Add component (AddParameter): Name = "Current Continuous Drain"; Value = "2A (Ta)"; VariantName = "[No Variations]"
Add component (AddParameter): Name = "Device Package"; Value = "TO-236-3, SC-59, SOT-23-3"; VariantName = "[No Variations]"
Add component (AddParameter): Name = "Drain to Source Voltage (Vdss)"; Value = "20V"; VariantName = "[No Variations]"
Add component (AddParameter): Name = "Features"; Value = "Standard"; VariantName = "[No Variations]"
Add component (AddParameter): Name = "Gate Charge (Qg)"; Value = "6nC @ 4.5V"; VariantName = "[No Variations]"
Add component (AddParameter): Name = "Input Capacitance (Ciss) at Vds"; Value = "380pF @ 6V"; VariantName = "[No Variations]"
Add component (AddParameter): Name = "Manufacturer"; Value = "NXP Semiconductors"; VariantName = "[No Variations]"
Add component (AddParameter): Name = "Part Number"; Value = "NX2301P,215"; VariantName = "[No Variations]"
Add component (AddParameter): Name = "PartId"; Value = "8179"; VariantName = "[No Variations]"
Add component (AddParameter): Name = "Power - Max"; Value = "400mW"; VariantName = "[No Variations]"
Add component (AddParameter): Name = "Price"; Value = "0.072"; VariantName = "[No Variations]"
Add component (AddParameter): Name = "Rds On (Max) at Id, Vgs"; Value = "120 mOhm @ 1A, 4.5V"; VariantName = "[No Variations]"
Add component (AddParameter): Name = "Supplier 1"; Value = "Digi-Key"; VariantName = "[No Variations]"
Add component (AddParameter): Name = "Supplier Part Number 1"; Value = "568-10314-2-ND"; VariantName = "[No Variations]"
Add component (AddParameter): Name = "Type"; Value = "MOSFET P-Channel, Metal Oxide"; VariantName = "[No Variations]"
Add component (AddParameter): Name = "Vgs(th) (Max) at Id"; Value = "1.1V @ 250uA"; VariantName = "[No Variations]"
Added Component: Designator=R5(RES 0805/2012)
Add component (AddParameter): Name = "Device Package"; Value = "2012 (0805 Metric)"; VariantName = "[No Variations]"
Add component (AddParameter): Name = "Manufacturer"; Value = "Uniohm"; VariantName = "[No Variations]"
Add component (AddParameter): Name = "Part Number"; Value = "0805S8J0202"; VariantName = "[No Variations]"
Add component (AddParameter): Name = "PowerRating"; Value = "0.125W, 1/8W"; VariantName = "[No Variations]"
Add component (AddParameter): Name = "Price"; Value = "0.0089"; VariantName = "[No Variations]"
Add component (AddParameter): Name = "TemperatureCoefficient"; Value = "100ppm/C"; VariantName = "[No Variations]"
Add component (AddParameter): Name = "TemperatureRange"; Value = "-55C ~ 155C"; VariantName = "[No Variations]"
Add component (AddParameter): Name = "Tolerance"; Value = "5%"; VariantName = "[No Variations]"
Add component (AddParameter): Name = "Value"; Value = "2K"; VariantName = "[No Variations]"
Added Pin To Net: NetName=5V Pin=D3-1
Added Pin To Net: NetName=5V Pin=IC2-1
Added Pin To Net: NetName=GND Pin=IC3-5
Added Pin To Net: NetName=GND Pin=IC3-10
Added Pin To Net: NetName=GND Pin=IC3-11
Added Pin To Net: NetName=GND Pin=R5-1
Added Pin To Net: NetName=5V Pin=R5-2
Change Net Name : Old Net Name=5V New Net Name=NetC2_1
Change Net Name : Old Net Name=NetD3_2 New Net Name=NetD4_2
Change Net Name : Old Net Name=NetD4_2 New Net Name=NetD5_2
Change Net Name : Old Net Name=NetJ1_A5 New Net Name=NetJ2_A5
Change Net Name : Old Net Name=NetJ1_B5 New Net Name=NetJ2_B5
Change Net Name : Old Net Name=NetR5_1 New Net Name=NetR6_1
Added Pin To Net: NetName=5V Pin=D3-2
Added Pin To Net: NetName=5V Pin=D4-1
Added Pin To Net: NetName=5V Pin=D5-1
Added Pin To Net: NetName=5V Pin=L1-2
Added Pin To Net: NetName=5V Pin=R6-2
Added Net: Name=5V
Added Member To Class: ClassName=Schematic Member=Component C1 100uF
Added Member To Class: ClassName=Schematic Member=Component D5 Green
Added Member To Class: ClassName=Schematic Member=Component IC3 TPS61026DRCR
Added Member To Class: ClassName=Schematic Member=Component R9 280k
