Added Component: Designator=C7(CAP AL TH D10 L5 H14.5)
Add component (AddParameter): Name = "ComponentLink1Description"; Value = "Datasheet"; VariantName = "[No Variations]"
Add component (AddParameter): Name = "ComponentLink1URL"; Value = "http://nichicon-us.com/english/products/pdfs/e-upm.pdf"; VariantName = "[No Variations]"
Add component (AddParameter): Name = "ComponentLink2Description"; Value = "Digi-Key Listing"; VariantName = "[No Variations]"
Add component (AddParameter): Name = "ComponentLink2URL"; Value = "https://www.digikey.com/product-detail/en/nichicon/UPM2C4R7MPD1TD/493-5313-3-ND/3130318"; VariantName = "[No Variations]"
Add component (AddParameter): Name = "Device Package"; Value = "Radial, Can, 10mm"; VariantName = "[No Variations]"
Add component (AddParameter): Name = "Manufacturer"; Value = "Nichicon"; VariantName = "[No Variations]"
Add component (AddParameter): Name = "Part Number"; Value = "UPM2C4R7MPD1TD"; VariantName = "[No Variations]"
Add component (AddParameter): Name = "PartId"; Value = "24632"; VariantName = "[No Variations]"
Add component (AddParameter): Name = "Price"; Value = "0.2252"; VariantName = "[No Variations]"
Add component (AddParameter): Name = "Ripple Current"; Value = "57mA @ 120Hz"; VariantName = "[No Variations]"
Add component (AddParameter): Name = "Supplier 1"; Value = "Digi-Key"; VariantName = "[No Variations]"
Add component (AddParameter): Name = "Supplier Part Number 1"; Value = "493-5313-3-ND"; VariantName = "[No Variations]"
Add component (AddParameter): Name = "TemperatureRange"; Value = "-40C ~ 105C"; VariantName = "[No Variations]"
Add component (AddParameter): Name = "Tolerance"; Value = "20%"; VariantName = "[No Variations]"
Add component (AddParameter): Name = "Type"; Value = "Polar"; VariantName = "[No Variations]"
Add component (AddParameter): Name = "Value"; Value = "4.7uF"; VariantName = "[No Variations]"
Add component (AddParameter): Name = "Voltage"; Value = "160V"; VariantName = "[No Variations]"
Added Component: Designator=L2(IND 0402/1005 RF WW)
Add component (AddParameter): Name = "ComponentLink1Description"; Value = "Datasheet"; VariantName = "[No Variations]"
Add component (AddParameter): Name = "ComponentLink1URL"; Value = "http://search.murata.co.jp/Ceramy/image/img/PDF/ENG/L0075S0080LQW15A_00.pdf"; VariantName = "[No Variations]"
Add component (AddParameter): Name = "ComponentLink2Description"; Value = "Digi-Key listing"; VariantName = "[No Variations]"
Add component (AddParameter): Name = "ComponentLink2URL"; Value = "http://digikey.com/product-detail/en/LQW15AN6N8G00D/490-6840-2-ND/2594949"; VariantName = "[No Variations]"
Add component (AddParameter): Name = "DC Resistance"; Value = "90 mOhm Max"; VariantName = "[No Variations]"
Add component (AddParameter): Name = "Device Package"; Value = "0402 (1005 Metric)"; VariantName = "[No Variations]"
Add component (AddParameter): Name = "Manufacturer"; Value = "Murata Electronics North America"; VariantName = "[No Variations]"
Add component (AddParameter): Name = "Part Number"; Value = "LQW15AN6N8G00D"; VariantName = "[No Variations]"
Add component (AddParameter): Name = "PartId"; Value = "6426"; VariantName = "[No Variations]"
Add component (AddParameter): Name = "Price"; Value = "0.0807"; VariantName = "[No Variations]"
Add component (AddParameter): Name = "Q at Frequency"; Value = "25 @ 250MHz"; VariantName = "[No Variations]"
Add component (AddParameter): Name = "Shielding"; Value = "Unshielded"; VariantName = "[No Variations]"
Add component (AddParameter): Name = "Supplier 1"; Value = "Digi-Key"; VariantName = "[No Variations]"
Add component (AddParameter): Name = "Supplier Part Number 1"; Value = "490-6840-2-ND"; VariantName = "[No Variations]"
Add component (AddParameter): Name = "TemperatureRange"; Value = "-55C ~ 125C"; VariantName = "[No Variations]"
Add component (AddParameter): Name = "Tolerance"; Value = "2%"; VariantName = "[No Variations]"
Add component (AddParameter): Name = "Type"; Value = "Wirewound"; VariantName = "[No Variations]"
Add component (AddParameter): Name = "Value"; Value = "6.8nH"; VariantName = "[No Variations]"
Added Pin To Net: NetName=NetBT1_P1 Pin=C7-1
Added Pin To Net: NetName=GND Pin=C7-2
Added Pin To Net: NetName=NetBT1_P1 Pin=IC2-3
Added Pin To Net: NetName=NetIC3_1 Pin=IC3-1
Added Pin To Net: NetName=NetIC3_1 Pin=IC3-6
Added Pin To Net: NetName=NetIC3_1 Pin=L2-2
Added Net: Name=NetIC3_1
Added Pin To Net: NetName=NetIC3_9 Pin=IC3-9
Added Pin To Net: NetName=NetIC3_9 Pin=L2-1
Added Net: Name=NetIC3_9
Added Member To Class: ClassName=Schematic Member=Component C7 4.7uF
Added Member To Class: ClassName=Schematic Member=Component D3 B320A-13-F
Added Member To Class: ClassName=Schematic Member=Component IC2 NX2301P,215
Added Member To Class: ClassName=Schematic Member=Component J1 PJ-102AH
Added Member To Class: ClassName=Schematic Member=Component L2 6.8nH
Added Member To Class: ClassName=Schematic Member=Component R5 2K
Added Member To Class: ClassName=Schematic Member=Component R6 10k
Added Member To Class: ClassName=Schematic Member=Component R7 3.3k
